<?xml version="1.0" encoding="UTF-8"?>
<!-- Generated by org.testng.reporters.JUnitReportReporter -->
<testsuite skipped="0" hostname="Srees-MacBook-Pro.local" name="avito.test" tests="1" failures="0" timestamp="2019-11-07T00:52:36 IST" time="0.011" errors="0">
  <testcase name="updateStatusInDataFile" time="0.011" classname="avito.test"/>
</testsuite> <!-- avito.test -->
